{"asctime": "2024-09-21 00:12:42,375", "name": "cyantize.main", "levelname": "INFO", "message": "start"}
{"asctime": "2024-09-21 00:12:42,375", "name": "cyantize.main", "levelname": "INFO", "message": "first installation creating cyantize dir", "cyantize_dir": "/home/user/.config/cyantize"}
{"asctime": "2024-09-21 00:12:42,376", "name": "cyantize.main", "levelname": "INFO", "message": "creating default config", "config_path": "/home/user/.config/cyantize/cyantize.toml"}
{"asctime": "2024-09-21 00:12:42,378", "name": "cyantize.main", "levelname": "INFO", "message": "processing 55 files"}
{"asctime": "2024-09-21 00:12:42,378", "name": "cyantize.file_type_scan", "levelname": "INFO", "message": "starting filetype scan"}
{"asctime": "2024-09-21 00:12:42,384", "name": "cyantize.file_type_scan", "levelname": "INFO", "message": "file verification failed", "file_path": "test/resource/file_example_WAV_1MG.incorrect.jpg", "mime_from_extension": "image/jpeg", "mime_from_content": "audio/x-wav"}
{"asctime": "2024-09-21 00:12:42,385", "name": "cyantize.file_type_scan", "levelname": "INFO", "message": "file verification failed", "file_path": "test/resource/file_example_PPT_250kB.incorrect.jpg", "mime_from_extension": "image/jpeg", "mime_from_content": "application/CDFV2"}
{"asctime": "2024-09-21 00:12:42,385", "name": "cyantize.file_type_scan", "levelname": "INFO", "message": "file verification failed", "file_path": "test/resource/file_example_ODS_10.incorrect.jpg", "mime_from_extension": "image/jpeg", "mime_from_content": "application/vnd.oasis.opendocument.spreadsheet"}
{"asctime": "2024-09-21 00:12:42,386", "name": "cyantize.file_type_scan", "levelname": "INFO", "message": "file verification failed", "file_path": "test/resource/file_example_MP3_700KB.incorrect.jpg", "mime_from_extension": "image/jpeg", "mime_from_content": "audio/mpeg"}
{"asctime": "2024-09-21 00:12:42,386", "name": "cyantize.file_type_scan", "levelname": "INFO", "message": "file verification failed", "file_path": "test/resource/file_example_AVI_480_750kB.incorrect.jpg", "mime_from_extension": "image/jpeg", "mime_from_content": "video/x-msvideo"}
{"asctime": "2024-09-21 00:12:42,386", "name": "cyantize.file_type_scan", "levelname": "INFO", "message": "file verification failed", "file_path": "test/resource/file_example_GIF_500kB.incorrect.jpg", "mime_from_extension": "image/jpeg", "mime_from_content": "image/gif"}
{"asctime": "2024-09-21 00:12:42,386", "name": "cyantize.file_type_scan", "levelname": "INFO", "message": "file verification failed", "file_path": "test/resource/file_example_ODP_200kB.incorrect.jpg", "mime_from_extension": "image/jpeg", "mime_from_content": "application/vnd.oasis.opendocument.presentation"}
{"asctime": "2024-09-21 00:12:42,386", "name": "cyantize.file_type_scan", "levelname": "INFO", "message": "file verification failed", "file_path": "test/resource/file_example_XLS_10.incorrect.jpg", "mime_from_extension": "image/jpeg", "mime_from_content": "application/CDFV2"}
{"asctime": "2024-09-21 00:12:42,387", "name": "cyantize.file_type_scan", "levelname": "INFO", "message": "file verification failed", "file_path": "test/resource/file-sample_150kB.incorrect.jpg", "mime_from_extension": "image/jpeg", "mime_from_content": "application/pdf"}
{"asctime": "2024-09-21 00:12:42,387", "name": "cyantize.file_type_scan", "levelname": "INFO", "message": "file verification failed", "file_path": "test/resource/zip_2MB.incorrect.jpg", "mime_from_extension": "image/jpeg", "mime_from_content": "application/zip"}
{"asctime": "2024-09-21 00:12:42,391", "name": "cyantize.file_type_scan", "levelname": "WARNING", "message": "extension .jpg failed more than 10 times. You can disable it manually by adding it to config.filetypes.suppress_extensions in the configuration"}
{"asctime": "2024-09-21 00:12:42,391", "name": "cyantize.file_type_scan", "levelname": "INFO", "message": "file verification failed", "file_path": "test/resource/file_example_JSON_1kb.incorrect.jpg", "mime_from_extension": "image/jpeg", "mime_from_content": "text/plain"}
{"asctime": "2024-09-21 00:12:42,391", "name": "cyantize.file_type_scan", "levelname": "INFO", "message": "file verification failed", "file_path": "test/resource/file_example_MOV_480_700kB.incorrect.jpg", "mime_from_extension": "image/jpeg", "mime_from_content": "video/quicktime"}
{"asctime": "2024-09-21 00:12:42,391", "name": "cyantize.file_type_scan", "levelname": "INFO", "message": "file verification failed", "file_path": "test/resource/file-sample_100kB.incorrect.jpg", "mime_from_extension": "image/jpeg", "mime_from_content": "text/rtf"}
{"asctime": "2024-09-21 00:12:42,392", "name": "cyantize.file_type_scan", "levelname": "INFO", "message": "file verification failed", "file_path": "test/resource/file_example_favicon.incorrect.jpg", "mime_from_extension": "image/jpeg", "mime_from_content": "image/vnd.microsoft.icon"}
{"asctime": "2024-09-21 00:12:42,392", "name": "cyantize.file_type_scan", "levelname": "INFO", "message": "file verification failed", "file_path": "test/resource/file_example_XLSX_10.incorrect.jpg", "mime_from_extension": "image/jpeg", "mime_from_content": "application/vnd.openxmlformats-officedocument.spreadsheetml.sheet"}
{"asctime": "2024-09-21 00:12:42,396", "name": "cyantize.file_type_scan", "levelname": "INFO", "message": "file verification failed", "file_path": "test/resource/file_example_XML_24kb.incorrect.jpg", "mime_from_extension": "image/jpeg", "mime_from_content": "text/xml"}
{"asctime": "2024-09-21 00:12:42,397", "name": "cyantize.file_type_scan", "levelname": "INFO", "message": "file verification failed", "file_path": "test/resource/file_example_MP4_480_1_5MG.incorrect.jpg", "mime_from_extension": "image/jpeg", "mime_from_content": "video/mp4"}
{"asctime": "2024-09-21 00:12:42,398", "name": "cyantize.file_type_scan", "levelname": "INFO", "message": "file verification failed", "file_path": "test/resource/mountain.incorrect.jpg", "mime_from_extension": "image/jpeg", "mime_from_content": "image/webp"}
{"asctime": "2024-09-21 00:12:42,398", "name": "cyantize.file_type_scan", "levelname": "INFO", "message": "file verification failed", "file_path": "test/resource/file_example_SVG_20kB.incorrect.jpg", "mime_from_extension": "image/jpeg", "mime_from_content": "image/svg+xml"}
{"asctime": "2024-09-21 00:12:42,398", "name": "cyantize.file_type_scan", "levelname": "INFO", "message": "file verification failed", "file_path": "test/resource/file_example_PNG_500kB.incorrect.jpg", "mime_from_extension": "image/jpeg", "mime_from_content": "image/png"}
{"asctime": "2024-09-21 00:12:42,399", "name": "cyantize.file_type_scan", "levelname": "INFO", "message": "file verification failed", "file_path": "test/resource/file_example.incorrect.jpg", "mime_from_extension": "image/jpeg", "mime_from_content": "text/html"}
{"asctime": "2024-09-21 00:12:42,399", "name": "cyantize.file_type_scan", "levelname": "INFO", "message": "file verification failed", "file_path": "test/resource/file_example_WMV_480_1_2MB.incorrect.jpg", "mime_from_extension": "image/jpeg", "mime_from_content": "video/x-ms-asf"}
{"asctime": "2024-09-21 00:12:42,399", "name": "cyantize.file_type_scan", "levelname": "INFO", "message": "file verification failed", "file_path": "test/resource/file_example_OGG_480_1_7mg.incorrect.jpg", "mime_from_extension": "image/jpeg", "mime_from_content": "video/ogg"}
{"asctime": "2024-09-21 00:12:42,400", "name": "cyantize.file_type_scan", "levelname": "INFO", "message": "file verification failed", "file_path": "test/resource/file_example_JPG_100kB.incorrect.gif", "mime_from_extension": "image/gif", "mime_from_content": "image/jpeg"}
{"asctime": "2024-09-21 00:12:42,400", "name": "cyantize.file_type_scan", "levelname": "INFO", "message": "file verification failed", "file_path": "test/resource/file_example_CSV_5000.incorrect.jpg", "mime_from_extension": "image/jpeg", "mime_from_content": "text/csv"}
{"asctime": "2024-09-21 00:12:42,400", "name": "cyantize.file_type_scan", "levelname": "INFO", "message": "file verification failed", "file_path": "test/resource/file_example_TIFF_1MB.incorrect.jpg", "mime_from_extension": "image/jpeg", "mime_from_content": "image/tiff"}
{"asctime": "2024-09-21 00:12:42,401", "name": "cyantize.main", "levelname": "INFO", "message": "finish", "files_passed": ["test/resource/file_example_AVI_480_750kB.correct.avi", "test/resource/file-sample_100kB.correct.doc", "test/resource/file-sample_100kB.correct.odt", "test/resource/file_example_XLS_10.correct.xls", "test/resource/file_example_CSV_5000.correct.csv", "test/resource/file_example_MOV_480_700kB.correct.mov", "test/resource/zip_2MB.correct.zip", "test/resource/file_example_ODP_200kB.correct.odp", "test/resource/file_example_favicon.correct.ico", "test/resource/file_example_PNG_500kB.correct.png", "test/resource/mountain.correct.webp", "test/resource/file_example_ODS_10.correct.ods", "test/resource/file_example_JPG_100kB.correct.jpg", "test/resource/file_example_MP3_700KB.correct.mp3", "test/resource/file_example_SVG_20kB.correct.svg", "test/resource/file_example.correct.html", "test/resource/file_example_GIF_500kB.correct.gif", "test/resource/file_example_JSON_1kb.correct.json", "test/resource/file_example_XML_24kb.correct.xml", "test/resource/file_example_WMV_480_1_2MB.correct.wmv", "test/resource/file-sample_150kB.correct.pdf", "test/resource/file_example_XLSX_10.correct.xlsx", "test/resource/file_example_MP4_480_1_5MG.correct.mp4", "test/resource/file_example_TIFF_1MB.correct.tiff", "test/resource/file-sample_100kB.correct.rtf", "test/resource/file_example_PPT_250kB.correct.ppt", "test/resource/file_example_OGG_480_1_7mg.correct.ogg", "test/resource/file-sample_100kB.correct.docx", "test/resource/file_example_WAV_1MG.correct.wav"]}
{"asctime": "2024-09-21 00:15:34,612", "name": "cyantize.main", "levelname": "INFO", "message": "start"}
{"asctime": "2024-09-21 00:15:34,614", "name": "cyantize.main", "levelname": "INFO", "message": "processing 55 files"}
{"asctime": "2024-09-21 00:15:34,614", "name": "cyantize.file_type_scan", "levelname": "INFO", "message": "starting filetype scan"}
{"asctime": "2024-09-21 00:15:34,620", "name": "cyantize.file_type_scan", "levelname": "INFO", "message": "file verification failed", "file_path": "test/resource/mountain.incorrect.jpg", "mime_from_extension": "image/jpeg", "mime_from_content": "image/webp"}
{"asctime": "2024-09-21 00:15:34,620", "name": "cyantize.file_type_scan", "levelname": "INFO", "message": "file verification failed", "file_path": "test/resource/file_example_WMV_480_1_2MB.incorrect.jpg", "mime_from_extension": "image/jpeg", "mime_from_content": "video/x-ms-asf"}
{"asctime": "2024-09-21 00:15:34,620", "name": "cyantize.file_type_scan", "levelname": "INFO", "message": "file verification failed", "file_path": "test/resource/file_example_favicon.incorrect.jpg", "mime_from_extension": "image/jpeg", "mime_from_content": "image/vnd.microsoft.icon"}
{"asctime": "2024-09-21 00:15:34,621", "name": "cyantize.file_type_scan", "levelname": "INFO", "message": "file verification failed", "file_path": "test/resource/file_example_MP3_700KB.incorrect.jpg", "mime_from_extension": "image/jpeg", "mime_from_content": "audio/mpeg"}
{"asctime": "2024-09-21 00:15:34,622", "name": "cyantize.file_type_scan", "levelname": "INFO", "message": "file verification failed", "file_path": "test/resource/file_example_OGG_480_1_7mg.incorrect.jpg", "mime_from_extension": "image/jpeg", "mime_from_content": "video/ogg"}
{"asctime": "2024-09-21 00:15:34,623", "name": "cyantize.file_type_scan", "levelname": "INFO", "message": "file verification failed", "file_path": "test/resource/file_example_PPT_250kB.incorrect.jpg", "mime_from_extension": "image/jpeg", "mime_from_content": "application/CDFV2"}
{"asctime": "2024-09-21 00:15:34,623", "name": "cyantize.file_type_scan", "levelname": "INFO", "message": "file verification failed", "file_path": "test/resource/file_example_AVI_480_750kB.incorrect.jpg", "mime_from_extension": "image/jpeg", "mime_from_content": "video/x-msvideo"}
{"asctime": "2024-09-21 00:15:34,623", "name": "cyantize.file_type_scan", "levelname": "INFO", "message": "file verification failed", "file_path": "test/resource/file_example_XLS_10.incorrect.jpg", "mime_from_extension": "image/jpeg", "mime_from_content": "application/CDFV2"}
{"asctime": "2024-09-21 00:15:34,624", "name": "cyantize.file_type_scan", "levelname": "INFO", "message": "file verification failed", "file_path": "test/resource/file_example_MP4_480_1_5MG.incorrect.jpg", "mime_from_extension": "image/jpeg", "mime_from_content": "video/mp4"}
{"asctime": "2024-09-21 00:15:34,624", "name": "cyantize.file_type_scan", "levelname": "INFO", "message": "file verification failed", "file_path": "test/resource/file_example_JPG_100kB.incorrect.gif", "mime_from_extension": "image/gif", "mime_from_content": "image/jpeg"}
{"asctime": "2024-09-21 00:15:34,624", "name": "cyantize.file_type_scan", "levelname": "INFO", "message": "file verification failed", "file_path": "test/resource/file_example_XLSX_10.incorrect.jpg", "mime_from_extension": "image/jpeg", "mime_from_content": "application/vnd.openxmlformats-officedocument.spreadsheetml.sheet"}
{"asctime": "2024-09-21 00:15:34,624", "name": "cyantize.file_type_scan", "levelname": "WARNING", "message": "extension .jpg failed more than 10 times. You can disable it manually by adding it to config.filetypes.suppress_extensions in the configuration"}
{"asctime": "2024-09-21 00:15:34,625", "name": "cyantize.file_type_scan", "levelname": "INFO", "message": "file verification failed", "file_path": "test/resource/file_example_WAV_1MG.incorrect.jpg", "mime_from_extension": "image/jpeg", "mime_from_content": "audio/x-wav"}
{"asctime": "2024-09-21 00:15:34,625", "name": "cyantize.file_type_scan", "levelname": "INFO", "message": "file verification failed", "file_path": "test/resource/file_example_PNG_500kB.incorrect.jpg", "mime_from_extension": "image/jpeg", "mime_from_content": "image/png"}
{"asctime": "2024-09-21 00:15:34,626", "name": "cyantize.file_type_scan", "levelname": "INFO", "message": "file verification failed", "file_path": "test/resource/file_example.incorrect.jpg", "mime_from_extension": "image/jpeg", "mime_from_content": "text/html"}
{"asctime": "2024-09-21 00:15:34,626", "name": "cyantize.file_type_scan", "levelname": "INFO", "message": "file verification failed", "file_path": "test/resource/file_example_GIF_500kB.incorrect.jpg", "mime_from_extension": "image/jpeg", "mime_from_content": "image/gif"}
{"asctime": "2024-09-21 00:15:34,630", "name": "cyantize.file_type_scan", "levelname": "INFO", "message": "file verification failed", "file_path": "test/resource/file_example_ODP_200kB.incorrect.jpg", "mime_from_extension": "image/jpeg", "mime_from_content": "application/vnd.oasis.opendocument.presentation"}
{"asctime": "2024-09-21 00:15:34,633", "name": "cyantize.file_type_scan", "levelname": "INFO", "message": "file verification failed", "file_path": "test/resource/file_example_JSON_1kb.incorrect.jpg", "mime_from_extension": "image/jpeg", "mime_from_content": "text/plain"}
{"asctime": "2024-09-21 00:15:34,633", "name": "cyantize.file_type_scan", "levelname": "INFO", "message": "file verification failed", "file_path": "test/resource/zip_2MB.incorrect.jpg", "mime_from_extension": "image/jpeg", "mime_from_content": "application/zip"}
{"asctime": "2024-09-21 00:15:34,633", "name": "cyantize.file_type_scan", "levelname": "INFO", "message": "file verification failed", "file_path": "test/resource/file-sample_100kB.incorrect.jpg", "mime_from_extension": "image/jpeg", "mime_from_content": "text/rtf"}
{"asctime": "2024-09-21 00:15:34,633", "name": "cyantize.file_type_scan", "levelname": "INFO", "message": "file verification failed", "file_path": "test/resource/file_example_CSV_5000.incorrect.jpg", "mime_from_extension": "image/jpeg", "mime_from_content": "text/csv"}
{"asctime": "2024-09-21 00:15:34,634", "name": "cyantize.file_type_scan", "levelname": "INFO", "message": "file verification failed", "file_path": "test/resource/file_example_XML_24kb.incorrect.jpg", "mime_from_extension": "image/jpeg", "mime_from_content": "text/xml"}
{"asctime": "2024-09-21 00:15:34,634", "name": "cyantize.file_type_scan", "levelname": "INFO", "message": "file verification failed", "file_path": "test/resource/file-sample_150kB.incorrect.jpg", "mime_from_extension": "image/jpeg", "mime_from_content": "application/pdf"}
{"asctime": "2024-09-21 00:15:34,635", "name": "cyantize.file_type_scan", "levelname": "INFO", "message": "file verification failed", "file_path": "test/resource/file_example_MOV_480_700kB.incorrect.jpg", "mime_from_extension": "image/jpeg", "mime_from_content": "video/quicktime"}
{"asctime": "2024-09-21 00:15:34,635", "name": "cyantize.file_type_scan", "levelname": "INFO", "message": "file verification failed", "file_path": "test/resource/file_example_TIFF_1MB.incorrect.jpg", "mime_from_extension": "image/jpeg", "mime_from_content": "image/tiff"}
{"asctime": "2024-09-21 00:15:34,635", "name": "cyantize.file_type_scan", "levelname": "INFO", "message": "file verification failed", "file_path": "test/resource/file_example_SVG_20kB.incorrect.jpg", "mime_from_extension": "image/jpeg", "mime_from_content": "image/svg+xml"}
{"asctime": "2024-09-21 00:15:34,636", "name": "cyantize.file_type_scan", "levelname": "INFO", "message": "file verification failed", "file_path": "test/resource/file_example_ODS_10.incorrect.jpg", "mime_from_extension": "image/jpeg", "mime_from_content": "application/vnd.oasis.opendocument.spreadsheet"}
{"asctime": "2024-09-21 00:15:34,637", "name": "cyantize.main", "levelname": "INFO", "message": "finish", "files_passed": ["test/resource/file_example_CSV_5000.correct.csv", "test/resource/file_example_MP4_480_1_5MG.correct.mp4", "test/resource/zip_2MB.correct.zip", "test/resource/file-sample_150kB.correct.pdf", "test/resource/file_example_PPT_250kB.correct.ppt", "test/resource/file-sample_100kB.correct.doc", "test/resource/file-sample_100kB.correct.odt", "test/resource/file_example_MOV_480_700kB.correct.mov", "test/resource/file_example.correct.html", "test/resource/file_example_JPG_100kB.correct.jpg", "test/resource/file_example_WAV_1MG.correct.wav", "test/resource/file_example_ODP_200kB.correct.odp", "test/resource/file_example_MP3_700KB.correct.mp3", "test/resource/file_example_ODS_10.correct.ods", "test/resource/file_example_favicon.correct.ico", "test/resource/file_example_JSON_1kb.correct.json", "test/resource/file_example_PNG_500kB.correct.png", "test/resource/file_example_XLS_10.correct.xls", "test/resource/file_example_WMV_480_1_2MB.correct.wmv", "test/resource/file-sample_100kB.correct.rtf", "test/resource/file_example_SVG_20kB.correct.svg", "test/resource/file-sample_100kB.correct.docx", "test/resource/file_example_XML_24kb.correct.xml", "test/resource/file_example_GIF_500kB.correct.gif", "test/resource/file_example_TIFF_1MB.correct.tiff", "test/resource/file_example_OGG_480_1_7mg.correct.ogg", "test/resource/file_example_XLSX_10.correct.xlsx", "test/resource/file_example_AVI_480_750kB.correct.avi", "test/resource/mountain.correct.webp"]}
